<?xml version="1.0" encoding="UTF-8"?>
<!-- Generated by org.testng.reporters.JUnitXMLReporter -->
<testsuite ignored="0" hostname="DESKTOP-TTV328B" failures="0" tests="4" name="Default test" time="28.452" errors="0" timestamp="2024-10-11T07:55:11 IST">
  <testcase classname="CITI_Project.CITI_Project_Netflix.NetflixMovieSelectionTest" name="addMoviesToMyList" time="6.067"/>
  <testcase classname="CITI_Project.CITI_Project_Netflix.NetflixMovieSelectionTest" name="addMoviesToMyList" time="3.946"/>
  <testcase classname="CITI_Project.CITI_Project_Netflix.NetflixMovieSelectionTest" name="addMoviesToMyList" time="3.581"/>
  <testcase classname="CITI_Project.CITI_Project_Netflix.NetflixMovieSelectionTest" name="verifyMoviesInMyList" time="1.481"/>
</testsuite> <!-- Default test -->
