<?xml version="1.0" encoding="UTF-8"?>
<testng-results ignored="0" total="4" passed="4" failed="0" skipped="0">
  <reporter-output>
  </reporter-output>
  <suite started-at="2024-10-11T07:54:43 IST" name="Default suite" finished-at="2024-10-11T07:55:11 IST" duration-ms="28452">
    <groups>
    </groups>
    <test started-at="2024-10-11T07:54:43 IST" name="Default test" finished-at="2024-10-11T07:55:11 IST" duration-ms="28452">
      <class name="CITI_Project.CITI_Project_Netflix.NetflixMovieSelectionTest">
        <test-method is-config="true" signature="setUp()[pri:0, instance:CITI_Project.CITI_Project_Netflix.NetflixMovieSelectionTest@4b29d1d2]" started-at="2024-10-11T07:54:43 IST" name="setUp" finished-at="2024-10-11T07:54:53 IST" duration-ms="10666" status="PASS">
          <reporter-output>
          </reporter-output>
        </test-method> <!-- setUp -->
        <test-method signature="addMoviesToMyList(java.lang.String,java.lang.String)[pri:0, instance:CITI_Project.CITI_Project_Netflix.NetflixMovieSelectionTest@4b29d1d2]" started-at="2024-10-11T07:54:53 IST" name="addMoviesToMyList" data-provider="movieData" finished-at="2024-10-11T07:54:59 IST" duration-ms="6067" status="PASS">
          <params>
            <param index="0">
              <value>
                <![CDATA[GOAT - The Greatest of All Time]]>
              </value>
            </param>
            <param index="1">
              <value>
                <![CDATA[goat]]>
              </value>
            </param>
          </params>
          <reporter-output>
          </reporter-output>
        </test-method> <!-- addMoviesToMyList -->
        <test-method signature="addMoviesToMyList(java.lang.String,java.lang.String)[pri:0, instance:CITI_Project.CITI_Project_Netflix.NetflixMovieSelectionTest@4b29d1d2]" started-at="2024-10-11T07:54:59 IST" name="addMoviesToMyList" data-provider="movieData" finished-at="2024-10-11T07:55:03 IST" duration-ms="3946" status="PASS">
          <params>
            <param index="0">
              <value>
                <![CDATA[Inception]]>
              </value>
            </param>
            <param index="1">
              <value>
                <![CDATA[inception]]>
              </value>
            </param>
          </params>
          <reporter-output>
          </reporter-output>
        </test-method> <!-- addMoviesToMyList -->
        <test-method signature="addMoviesToMyList(java.lang.String,java.lang.String)[pri:0, instance:CITI_Project.CITI_Project_Netflix.NetflixMovieSelectionTest@4b29d1d2]" started-at="2024-10-11T07:55:03 IST" name="addMoviesToMyList" data-provider="movieData" finished-at="2024-10-11T07:55:07 IST" duration-ms="3581" status="PASS">
          <params>
            <param index="0">
              <value>
                <![CDATA[Venom: Let There Be Carnage]]>
              </value>
            </param>
            <param index="1">
              <value>
                <![CDATA[venom]]>
              </value>
            </param>
          </params>
          <reporter-output>
          </reporter-output>
        </test-method> <!-- addMoviesToMyList -->
        <test-method signature="verifyMoviesInMyList()[pri:0, instance:CITI_Project.CITI_Project_Netflix.NetflixMovieSelectionTest@4b29d1d2]" started-at="2024-10-11T07:55:07 IST" name="verifyMoviesInMyList" finished-at="2024-10-11T07:55:08 IST" depends-on-methods="CITI_Project.CITI_Project_Netflix.NetflixMovieSelectionTest.addMoviesToMyList" duration-ms="1481" status="PASS">
          <reporter-output>
          </reporter-output>
        </test-method> <!-- verifyMoviesInMyList -->
        <test-method is-config="true" signature="tearDown()[pri:0, instance:CITI_Project.CITI_Project_Netflix.NetflixMovieSelectionTest@4b29d1d2]" started-at="2024-10-11T07:55:08 IST" name="tearDown" finished-at="2024-10-11T07:55:11 IST" duration-ms="2603" status="PASS">
          <reporter-output>
          </reporter-output>
        </test-method> <!-- tearDown -->
      </class> <!-- CITI_Project.CITI_Project_Netflix.NetflixMovieSelectionTest -->
    </test> <!-- Default test -->
  </suite> <!-- Default suite -->
</testng-results>
